JukeDJ2/app/libs/facebook-android-sdk-4.2.0/samples/MessengerSendSample/build/outputs/logs/manifest-merger-release-report.txt
-- Merging decision tree log ---
manifest
ADDED from AndroidManifest.xml:22:1
	package
		ADDED from AndroidManifest.xml:23:11
		INJECTED from AndroidManifest.xml:0:0
		INJECTED from AndroidManifest.xml:0:0
	android:versionName
		INJECTED from AndroidManifest.xml:0:0
		INJECTED from AndroidManifest.xml:0:0
	xmlns:android
		ADDED from AndroidManifest.xml:22:11
	android:versionCode
		INJECTED from AndroidManifest.xml:0:0
		INJECTED from AndroidManifest.xml:0:0
uses-permission#android.permission.ACCESS_NETWORK_STATE
ADDED from AndroidManifest.xml:25:3
	android:name
		ADDED from AndroidManifest.xml:25:20
uses-permission#android.permission.INTERNET
ADDED from AndroidManifest.xml:26:3
	android:name
		ADDED from AndroidManifest.xml:26:20
application
ADDED from AndroidManifest.xml:28:3
MERGED from com.facebook.android:facebook:4.2.0:28:5
MERGED from com.android.support:support-v4:22.2.0:22:5
MERGED from com.android.support:appcompat-v7:21.0.3:16:5
MERGED from com.android.support:support-v4:22.2.0:22:5
	android:label
		ADDED from AndroidManifest.xml:31:7
	android:icon
		ADDED from AndroidManifest.xml:30:7
	android:theme
		ADDED from AndroidManifest.xml:32:7
	android:name
		ADDED from AndroidManifest.xml:29:7
meta-data#com.facebook.sdk.ApplicationId
ADDED from AndroidManifest.xml:34:5
	android:value
		ADDED from AndroidManifest.xml:36:9
	android:name
		ADDED from AndroidManifest.xml:35:9
activity#com.facebook.samples.messenger.send.MainActivity
ADDED from AndroidManifest.xml:38:5
	android:name
		ADDED from AndroidManifest.xml:39:9
intent-filter#android.intent.action.MAIN+android.intent.category.LAUNCHER
ADDED from AndroidManifest.xml:40:7
action#android.intent.action.MAIN
ADDED from AndroidManifest.xml:41:9
	android:name
		ADDED from AndroidManifest.xml:41:17
category#android.intent.category.LAUNCHER
ADDED from AndroidManifest.xml:42:9
	android:name
		ADDED from AndroidManifest.xml:42:19
intent-filter#android.intent.action.PICK+android.intent.category.DEFAULT+com.facebook.orca.category.PLATFORM_THREAD_20150311
ADDED from AndroidManifest.xml:46:7
action#android.intent.action.PICK
ADDED from AndroidManifest.xml:47:9
	android:name
		ADDED from AndroidManifest.xml:47:17
category#android.intent.category.DEFAULT
ADDED from AndroidManifest.xml:48:9
	android:name
		ADDED from AndroidManifest.xml:48:19
category#com.facebook.orca.category.PLATFORM_THREAD_20150311
ADDED from AndroidManifest.xml:49:9
	android:name
		ADDED from AndroidManifest.xml:49:19
intent-filter#android.intent.action.PICK+android.intent.category.DEFAULT+com.facebook.orca.category.PLATFORM_THREAD_20150314
ADDED from AndroidManifest.xml:53:7
category#com.facebook.orca.category.PLATFORM_THREAD_20150314
ADDED from AndroidManifest.xml:56:9
	android:name
		ADDED from AndroidManifest.xml:56:19
uses-sdk
INJECTED from AndroidManifest.xml:0:0 reason: use-sdk injection requested
MERGED from com.facebook.android:facebook:4.2.0:24:5
MERGED from com.android.support:support-v4:22.2.0:20:5
MERGED from com.android.support:appcompat-v7:21.0.3:15:5
MERGED from com.android.support:support-v4:22.2.0:20:5
	android:targetSdkVersion
		INJECTED from AndroidManifest.xml:0:0
		INJECTED from AndroidManifest.xml:0:0
	android:minSdkVersion
		INJECTED from AndroidManifest.xml:0:0
		INJECTED from AndroidManifest.xml:0:0